Input dir: /work/hdd/bdau/mbanisharifdehkordi/aiio/darshan-logs-for-gnn4io
  - /work/hdd/bdau/mbanisharifdehkordi/aiio/darshan-logs-for-gnn4io/e2e_pathological_11642889_64procs_1stripe_64kb.darshan
/work/hdd/bdau/mbanisharifdehkordi/aiio/pre-processing
total 24
-rw-rw----+ 1 mbanisharifdehkordi delta_bdau 1832 Aug 26 23:47 headerTotal.csv
-rw-rw----+ 1 mbanisharifdehkordi delta_bdau 1371 Aug 26 23:03 headerTotal.csv.bak
-rw-rw----+ 1 mbanisharifdehkordi delta_bdau 2834 Aug 26 20:01 parallel.py
-rw-rw----+ 1 mbanisharifdehkordi delta_bdau 6777 Aug 26 23:53 parser.py
-rwxrwx--x+ 1 mbanisharifdehkordi delta_bdau 3447 Aug 26 21:56 parser.sh
Parser script started...
Done with /work/hdd/bdau/mbanisharifdehkordi/aiio/parsed-logs-for-gnn4io/output.csv
Done parsing
parser.sh exit code: 0
TMP contents:
total 36K
-rw-r--r-- 1 mbanisharifdehkordi grp_202    1 Aug 26 23:54 count.txt
-rw-r--r-- 1 mbanisharifdehkordi grp_202  119 Aug 26 23:54 filelist.txt
-rw-r--r-- 1 mbanisharifdehkordi grp_202    3 Aug 26 23:54 filesize.txt
-rw-r--r-- 1 mbanisharifdehkordi grp_202  364 Aug 26 23:54 parsed_luster.txt
-rw-r--r-- 1 mbanisharifdehkordi grp_202 3.9K Aug 26 23:54 parsed_perf.txt
-rw-r--r-- 1 mbanisharifdehkordi grp_202  14K Aug 26 23:54 parsed_total.txt
filelist:
  /work/hdd/bdau/mbanisharifdehkordi/aiio/darshan-logs-for-gnn4io/e2e_pathological_11642889_64procs_1stripe_64kb.darshan
parsed_total head:
# darshan log version: 3.41
# compression method: ZLIB
# exe: ../write_3d_nc4_pathological pathological_64_1_1_16_16_16 64 1 1 16 16 16
# uid: 73528
# jobid: 11642889
parsed_perf head:
# darshan log version: 3.41
# compression method: ZLIB
# exe: ../write_3d_nc4_pathological pathological_64_1_1_16_16_16 64 1 1 16 16 16
# uid: 73528
# jobid: 11642889
parsed_luster head:
LUSTRE_OSTS	114
LUSTRE_MDTS	64
LUSTRE_STRIPE_OFFSET	-1
LUSTRE_STRIPE_SIZE	65536
LUSTRE_STRIPE_WIDTH	1
Output CSV:
-rw-rw----+ 1 mbanisharifdehkordi delta_bdau 2.3K Aug 26 23:54 /work/hdd/bdau/mbanisharifdehkordi/aiio/parsed-logs-for-gnn4io/output.csv
exe,uid,jobid,darshan_log_version,start_time,start_time_asci,end_time,end_time_asci,nprocs,runtime,LUSTRE_OSTS,LUSTRE_MDTS,LUSTRE_STRIPE_OFFSET,LUSTRE_STRIPE_SIZE,LUSTRE_STRIPE_WIDTH,POSIX_PERF_MIBS,MPIIO_PERF_MIBS,STDIO_PERF_MIBS,total_POSIX_OPENS,total_POSIX_FILENOS,total_POSIX_DUPS,total_POSIX_MMAPS,total_POSIX_RENAME_SOURCES,total_POSIX_RENAME_TARGETS,total_POSIX_RENAMED_FROM,total_POSIX_MEM_ALIGNMENT,total_POSIX_FILE_ALIGNMENT,total_POSIX_READS,total_POSIX_WRITES,total_POSIX_SEEKS,total_POSIX_STATS,total_POSIX_BYTES_READ,total_POSIX_BYTES_WRITTEN,total_POSIX_CONSEC_READS,total_POSIX_CONSEC_WRITES,total_POSIX_SEQ_READS,total_POSIX_SEQ_WRITES,total_POSIX_FSYNCS,total_POSIX_FDSYNCS,total_POSIX_RW_SWITCHES,total_POSIX_MEM_NOT_ALIGNED,total_POSIX_FILE_NOT_ALIGNED,total_POSIX_SIZE_READ_0_100,total_POSIX_SIZE_READ_100_1K,total_POSIX_SIZE_READ_1K_10K,total_POSIX_SIZE_READ_10K_100K,total_POSIX_SIZE_READ_100K_1M,total_POSIX_SIZE_READ_1M_4M,total_POSIX_SIZE_READ_4M_10M,total_POSIX_SIZE_READ_10M_100M,total_POSIX_SIZE_READ_100M_1G,total_POSIX_SIZE_READ_1G_PLUS,total_POSIX_SIZE_WRITE_0_100,total_POSIX_SIZE_WRITE_100_1K,total_POSIX_SIZE_WRITE_1K_10K,total_POSIX_SIZE_WRITE_10K_100K,total_POSIX_SIZE_WRITE_100K_1M,total_POSIX_SIZE_WRITE_1M_4M,total_POSIX_SIZE_WRITE_4M_10M,total_POSIX_SIZE_WRITE_10M_100M,total_POSIX_SIZE_WRITE_100M_1G,total_POSIX_SIZE_WRITE_1G_PLUS,total_POSIX_STRIDE1_STRIDE,total_POSIX_STRIDE2_STRIDE,total_POSIX_STRIDE3_STRIDE,total_POSIX_STRIDE4_STRIDE,total_POSIX_STRIDE1_COUNT,total_POSIX_STRIDE2_COUNT,total_POSIX_STRIDE3_COUNT,total_POSIX_STRIDE4_COUNT,total_POSIX_ACCESS1_ACCESS,total_POSIX_ACCESS2_ACCESS,total_POSIX_ACCESS3_ACCESS,total_POSIX_ACCESS4_ACCESS,total_POSIX_ACCESS1_COUNT,total_POSIX_ACCESS2_COUNT,total_POSIX_ACCESS3_COUNT,total_POSIX_ACCESS4_COUNT,total_POSIX_F_VARIANCE_RANK_BYTES
../write_3d_nc4_pathological pathological_64_1_1_16_16_16 64 1 1 16 16 16,73528,11642889,3.41,1756180192,Mon Aug 25 22:49:52 2025,1756180195,Mon Aug 25 22:49:55 2025,64,2.5428,114,64,-1,65536,1,128.903939,25.337657,3.063830,257,0,0,-1,0,0,0,8,1048576,2,718,49,0,11328,41993954,0,640,1,669,768,0,4,265,631,1,0,0,1,0,0,0,0,0,0,47,0,10,661,0,0,0,0,0,0,3404,2097152,5060,3136,14,10,2,2,65536,8,3404,11328,620,46,7,4,0.000000
