Input dir: /work/hdd/bdau/mbanisharifdehkordi/aiio/darshan-logs-for-gnn4io
  - /work/hdd/bdau/mbanisharifdehkordi/aiio/darshan-logs-for-gnn4io/e2e_pathological_11642889_64procs_1stripe_64kb.darshan
/work/hdd/bdau/mbanisharifdehkordi/aiio/pre-processing
total 20
-rw-rw----+ 1 mbanisharifdehkordi delta_bdau 1371 Aug 26 22:27 headerTotal.csv
-rw-rw----+ 1 mbanisharifdehkordi delta_bdau 2834 Aug 26 20:01 parallel.py
-rw-rw----+ 1 mbanisharifdehkordi delta_bdau 6674 Aug 26 22:47 parser.py
-rwxrwx--x+ 1 mbanisharifdehkordi delta_bdau 3447 Aug 26 21:56 parser.sh
Parser script started...
Done with /work/hdd/bdau/mbanisharifdehkordi/aiio/parsed-logs-for-gnn4io/output.csv
Done parsing
parser.sh exit code: 0
TMP contents:
total 36K
-rw-r--r-- 1 mbanisharifdehkordi grp_202    2 Aug 26 22:48 count.txt
-rw-r--r-- 1 mbanisharifdehkordi grp_202  119 Aug 26 22:48 filelist.txt
-rw-r--r-- 1 mbanisharifdehkordi grp_202    3 Aug 26 22:48 filesize.txt
-rw-r--r-- 1 mbanisharifdehkordi grp_202  364 Aug 26 22:48 parsed_luster.txt
-rw-r--r-- 1 mbanisharifdehkordi grp_202 3.9K Aug 26 22:48 parsed_perf.txt
-rw-r--r-- 1 mbanisharifdehkordi grp_202  14K Aug 26 22:48 parsed_total.txt
filelist:
  /work/hdd/bdau/mbanisharifdehkordi/aiio/darshan-logs-for-gnn4io/e2e_pathological_11642889_64procs_1stripe_64kb.darshan
parsed_total head:
# darshan log version: 3.41
# compression method: ZLIB
# exe: ../write_3d_nc4_pathological pathological_64_1_1_16_16_16 64 1 1 16 16 16
# uid: 73528
# jobid: 11642889
parsed_perf head:
# darshan log version: 3.41
# compression method: ZLIB
# exe: ../write_3d_nc4_pathological pathological_64_1_1_16_16_16 64 1 1 16 16 16
# uid: 73528
# jobid: 11642889
parsed_luster head:
LUSTRE_OSTS	114
LUSTRE_MDTS	64
LUSTRE_STRIPE_OFFSET	-1
LUSTRE_STRIPE_SIZE	65536
LUSTRE_STRIPE_WIDTH	1
Output CSV:
-rw-rw----+ 1 mbanisharifdehkordi delta_bdau 1.4K Aug 26 22:48 /work/hdd/bdau/mbanisharifdehkordi/aiio/parsed-logs-for-gnn4io/output.csv
exe,uid,jobid,start_time,end_time,nprocs,runtime,POSIX_OPENS,POSIX_READS,POSIX_WRITES,POSIX_SEEKS,POSIX_STATS,POSIX_MMAPS,POSIX_FSYNCs,POSIX_FDSYNCS,POSIX_BYTES_READ,POSIX_BYTES_WRITTEN,POSIX_CONSEC_READS,POSIX_CONSEC_WRITES,POSIX_SEQ_READS,POSIX_SEQ_WRITES,POSIX_RW_SWITCHES,POSIX_MEM_NOT_ALIGNED,POSIX_MEM_ALIGNMENT,POSIX_FILE_NOT_ALIGNED,POSIX_FILE_ALIGNMENT,POSIX_SIZE_READ_0_100,POSIX_SIZE_READ_100_1K,POSIX_SIZE_READ_1K_10K,POSIX_SIZE_READ_10K_100K,POSIX_SIZE_READ_100K_1M,POSIX_SIZE_READ_1M_PLUS,POSIX_SIZE_WRITE_0_100,POSIX_SIZE_WRITE_100_1K,POSIX_SIZE_WRITE_1K_10K,POSIX_SIZE_WRITE_10K_100K,POSIX_SIZE_WRITE_100K_1M,POSIX_SIZE_WRITE_1M_PLUS,POSIX_STRIDE1_STRIDE,POSIX_STRIDE2_STRIDE,POSIX_STRIDE3_STRIDE,POSIX_STRIDE4_STRIDE,POSIX_STRIDE1_COUNT,POSIX_STRIDE2_COUNT,POSIX_STRIDE3_COUNT,POSIX_STRIDE4_COUNT,MPIIO_OPENS,MPIIO_READS,MPIIO_WRITES,MPIIO_SEEKS,MPIIO_STATS,MPIIO_BYTES_READ,MPIIO_BYTES_WRITTEN,MPIIO_INDEP_OPENS,MPIIO_COLL_OPENS,MPIIO_HINTS,MPIIO_VIEWS,MPIIO_RW_SWITCHES,MPIIO_SPLIT_READS,MPIIO_SPLIT_WRITES,MPIIO_NB_READS,MPIIO_NB_WRITES,MPIIO_MEM_NOT_ALIGNED,MPIIO_MEM_ALIGNMENT,MPIIO_FILE_NOT_ALIGNED,MPIIO_FILE_ALIGNMENT,STDIO_OPENS,STDIO_READS,STDIO_WRITES,STDIO_SEEKS,STDIO_STATS,STDIO_BYTES_READ,STDIO_BYTES_WRITTEN,LUSTRE_OSTS,LUSTRE_MDTS,LUSTRE_STRIPE_SIZE,LUSTRE_STRIPE_WIDTH,POSIX_PERF_MIBS,MPIIO_PERF_MIBS,STDIO_PERF_MIBS,darshan_log_version
