+ '[' -z '' ']'
+ case "$-" in
+ __lmod_vx=x
+ '[' -n x ']'
+ set +x
Shell debugging temporarily silenced: export LMOD_SH_DBG_ON=1 for this output (/usr/share/lmod/lmod/init/bash)
Shell debugging restarted
+ unset __lmod_vx
+ echo 'Parser script started...'
+ '[' 3 -lt 2 ']'
+ log_raw_dir=/work/hdd/bdau/mbanisharifdehkordi/aiio/darshan-logs-for-gnn4io
+ output_file=/work/hdd/bdau/mbanisharifdehkordi/aiio/parsed-logs-for-gnn4io/output.csv
+ '[' 3 -eq 3 ']'
+ tmp_dir=/tmp/aiio_parse_11655122
+ s=10000000
+ echo -n ''
+ mkdir -p /tmp/aiio_parse_11655122
+ touch /tmp/aiio_parse_11655122/count.txt
+ echo 0
+ file_name_list=/tmp/aiio_parse_11655122/filelist.txt
+ find /work/hdd/bdau/mbanisharifdehkordi/aiio/darshan-logs-for-gnn4io -type f
++ wc -l /tmp/aiio_parse_11655122/filelist.txt
+ total_lines='1 /tmp/aiio_parse_11655122/filelist.txt'
+ current_lines=0
+ IFS=
+ read -r filename
+ awk '{print $1;}i'
+ ls -s /work/hdd/bdau/mbanisharifdehkordi/aiio/darshan-logs-for-gnn4io/e2e_pathological_11642889_64procs_1stripe_64kb.darshan
++ head -n 1 /tmp/aiio_parse_11655122/filesize.txt
+ size=64
+ ((  64 < 10000000  ))
+ darshan-parser --total /work/hdd/bdau/mbanisharifdehkordi/aiio/darshan-logs-for-gnn4io/e2e_pathological_11642889_64procs_1stripe_64kb.darshan
+ error=0
+ '[' 0 -ne 0 ']'
+ darshan-parser --perf /work/hdd/bdau/mbanisharifdehkordi/aiio/darshan-logs-for-gnn4io/e2e_pathological_11642889_64procs_1stripe_64kb.darshan
+ error=0
+ '[' 0 -ne 0 ']'
+ grep '^LUSTRE'
+ cut '-d	' -f 4-5
+ darshan-parser /work/hdd/bdau/mbanisharifdehkordi/aiio/darshan-logs-for-gnn4io/e2e_pathological_11642889_64procs_1stripe_64kb.darshan
+ error=0
+ '[' 0 -ne 0 ']'
++ date +%s
+ end2=1756270470
+ python parser.py /tmp/aiio_parse_11655122 /work/hdd/bdau/mbanisharifdehkordi/aiio/parsed-logs-for-gnn4io/output.csv
+ IFS=
+ read -r filename
+ echo 'Done with /work/hdd/bdau/mbanisharifdehkordi/aiio/parsed-logs-for-gnn4io/output.csv'
+ echo 'Done parsing'
